Сборка начата 22.12.2016 2:34:30.
     1>Проект "C:\Documents\Visual Studio 2013\Projects\Lab3_mpi\Fuck_you_mpi\Fuck_you_mpi.vcxproj" в узле 2 (целевые объекты Build).
     1>C:\Program Files (x86)\MSBuild\Microsoft.Cpp\v4.0\V120\Microsoft.CppBuild.targets(388,5): warning MSB8028: The intermediate directory (x64\Debug\) contains files shared from another project (Fuck_you_mpi.vcxproj).  This can lead to incorrect clean and rebuild behavior.
     1>ClCompile:
         F:\Visual Studia13\VC\bin\x86_amd64\CL.exe /c /I"C:\Program Files (x86)\Microsoft SDKs\MPI\Include\\" /I"C:\Program Files (x86)\Microsoft SDKs\MPI\Include\\х64" /Zi /nologo /W3 /WX- /sdl /Od /D WIN32 /D _DEBUG /D _CONSOLE /D _LIB /D _UNICODE /D UNICODE /Gm /EHsc /RTC1 /MDd /GS /fp:precise /Zc:wchar_t /Zc:forScope /Fo"x64\Debug\\" /Fd"x64\Debug\vc120.pdb" /Gd /TP /errorReport:prompt "Исходный код.cpp"
         Исходный код.cpp
     1>Исходный код.cpp(42): warning C4305: инициализация: усечение из "double" к "float"
     1>Исходный код.cpp(57): warning C4244: =: преобразование "double" в "float", возможна потеря данных
     1>Исходный код.cpp(58): warning C4244: =: преобразование "double" в "float", возможна потеря данных
     1>Исходный код.cpp(76): warning C4305: инициализация: усечение из "double" к "float"
     1>Исходный код.cpp(93): warning C4244: инициализация: преобразование "double" в "int", возможна потеря данных
     1>Исходный код.cpp(105): warning C4244: =: преобразование "int" в "float", возможна потеря данных
     1>Исходный код.cpp(107): warning C4244: аргумент: преобразование "double" в "unsigned int", возможна потеря данных
     1>Исходный код.cpp(225): warning C4244: =: преобразование "double" в "float", возможна потеря данных
       Link:
         F:\Visual Studia13\VC\bin\x86_amd64\link.exe /ERRORREPORT:PROMPT /OUT:"C:\Documents\Visual Studio 2013\Projects\Lab3_mpi\x64\Debug\lab3_mpi.exe" /INCREMENTAL /NOLOGO /LIBPATH:"C:\Program Files (x86)\Microsoft SDKs\MPI\Lib\x64\\" msmpi.lib kernel32.lib user32.lib gdi32.lib winspool.lib comdlg32.lib advapi32.lib shell32.lib ole32.lib oleaut32.lib uuid.lib odbc32.lib odbccp32.lib /MANIFEST /MANIFESTUAC:"level='asInvoker' uiAccess='false'" /manifest:embed /DEBUG /PDB:"C:\Documents\Visual Studio 2013\Projects\Lab3_mpi\x64\Debug\lab3_mpi.pdb" /SUBSYSTEM:CONSOLE /TLBID:1 /DYNAMICBASE /NXCOMPAT /IMPLIB:"C:\Documents\Visual Studio 2013\Projects\Lab3_mpi\x64\Debug\lab3_mpi.lib" /MACHINE:X64 "x64\Debug\Исходный код.obj"
         Fuck_you_mpi.vcxproj -> C:\Documents\Visual Studio 2013\Projects\Lab3_mpi\x64\Debug\lab3_mpi.exe
     1>Сборка проекта "C:\Documents\Visual Studio 2013\Projects\Lab3_mpi\Fuck_you_mpi\Fuck_you_mpi.vcxproj" завершена (целевые объекты Build).

Сборка успешно завершена.

Затраченное время: 00:00:04.02
